<?xml version="1.0" encoding="UTF-8"?>
<testsuite name="edu.bsu.cs222.model.RedirectParserTest" tests="3" skipped="0" failures="0" errors="0" timestamp="2022-02-14T05:04:21" hostname="Rachels-MacBook-Air.local" time="0.066">
  <properties/>
  <testcase name="doesPageRedirectTestFalse()" classname="edu.bsu.cs222.model.RedirectParserTest" time="0.006"/>
  <testcase name="doesPageRedirectTestTrue()" classname="edu.bsu.cs222.model.RedirectParserTest" time="0.019"/>
  <testcase name="assertRedirectTo()" classname="edu.bsu.cs222.model.RedirectParserTest" time="0.012"/>
  <system-out><![CDATA[]]></system-out>
  <system-err><![CDATA[]]></system-err>
</testsuite>
