<?xml version="1.0" encoding="UTF-8"?>
<testsuite name="edu.bsu.cs222.model.URLBuilderTest" tests="2" skipped="0" failures="0" errors="0" timestamp="2022-02-14T05:04:21" hostname="Rachels-MacBook-Air.local" time="0.008">
  <properties/>
  <testcase name="testURLWithSpace()" classname="edu.bsu.cs222.model.URLBuilderTest" time="0.004"/>
  <testcase name="testURL()" classname="edu.bsu.cs222.model.URLBuilderTest" time="0.003"/>
  <system-out><![CDATA[]]></system-out>
  <system-err><![CDATA[]]></system-err>
</testsuite>
